Traceback (most recent call last):
  File "<frozen runpy>", line 198, in _run_module_as_main
  File "<frozen runpy>", line 88, in _run_code
  File "/hpc/group/naderilab/imt11/antibody-domainbed/domainbed/scripts/train.py", line 169, in <module>
    algorithm = algorithm_class(dataset.input_shape, dataset.num_classes,
                ^^^^^^^^^^^^^^^^^^^^^^^^^^^^^^^^^^^^^^^^^^^^^^^^^^^^^^^^^
  File "/hpc/group/naderilab/imt11/antibody-domainbed/domainbed/algorithms.py", line 99, in __init__
    self.featurizer = networks.Featurizer(input_shape, self.hparams)
                      ^^^^^^^^^^^^^^^^^^^^^^^^^^^^^^^^^^^^^^^^^^^^^^
  File "/hpc/group/naderilab/imt11/antibody-domainbed/domainbed/networks.py", line 59, in Featurizer
    return SeqCNN(input_shape[0], hparams)
                  ~~~~~~~~~~~^^^
TypeError: 'NoneType' object is not subscriptable
Traceback (most recent call last):
  File "<frozen runpy>", line 198, in _run_module_as_main
  File "<frozen runpy>", line 88, in _run_code
  File "/hpc/group/naderilab/imt11/antibody-domainbed/domainbed/scripts/train.py", line 169, in <module>
    algorithm = algorithm_class(dataset.input_shape, dataset.num_classes,
                ^^^^^^^^^^^^^^^^^^^^^^^^^^^^^^^^^^^^^^^^^^^^^^^^^^^^^^^^^
  File "/hpc/group/naderilab/imt11/antibody-domainbed/domainbed/algorithms.py", line 99, in __init__
    self.featurizer = networks.Featurizer(input_shape, self.hparams)
                      ^^^^^^^^^^^^^^^^^^^^^^^^^^^^^^^^^^^^^^^^^^^^^^
  File "/hpc/group/naderilab/imt11/antibody-domainbed/domainbed/networks.py", line 59, in Featurizer
    return SeqCNN(input_shape[0], hparams)
                  ~~~~~~~~~~~^^^
TypeError: 'NoneType' object is not subscriptable
Traceback (most recent call last):
  File "<frozen runpy>", line 198, in _run_module_as_main
  File "<frozen runpy>", line 88, in _run_code
  File "/hpc/group/naderilab/imt11/antibody-domainbed/domainbed/scripts/train.py", line 111, in <module>
    dataset = vars(datasets)[args.dataset](
              ^^^^^^^^^^^^^^^^^^^^^^^^^^^^^
  File "/hpc/group/naderilab/imt11/antibody-domainbed/domainbed/datasets.py", line 181, in __init__
    df.drop_duplicates(subset=['seqid'], inplace=True, keep='last')
  File "/hpc/group/naderilab/imt11/Miniconda3/lib/python3.12/site-packages/pandas/core/frame.py", line 6818, in drop_duplicates
    result = self[-self.duplicated(subset, keep=keep)]
                   ^^^^^^^^^^^^^^^^^^^^^^^^^^^^^^^^^^
  File "/hpc/group/naderilab/imt11/Miniconda3/lib/python3.12/site-packages/pandas/core/frame.py", line 6950, in duplicated
    raise KeyError(Index(diff))
KeyError: Index(['seqid'], dtype='object')
Traceback (most recent call last):
  File "<frozen runpy>", line 198, in _run_module_as_main
  File "<frozen runpy>", line 88, in _run_code
  File "/hpc/group/naderilab/imt11/antibody-domainbed/domainbed/scripts/train.py", line 111, in <module>
    dataset = vars(datasets)[args.dataset](
              ^^^^^^^^^^^^^^^^^^^^^^^^^^^^^
  File "/hpc/group/naderilab/imt11/antibody-domainbed/domainbed/datasets.py", line 181, in __init__
    df.drop_duplicates(subset=['seqid'], inplace=True, keep='last')
  File "/hpc/group/naderilab/imt11/Miniconda3/lib/python3.12/site-packages/pandas/core/frame.py", line 6818, in drop_duplicates
    result = self[-self.duplicated(subset, keep=keep)]
                   ^^^^^^^^^^^^^^^^^^^^^^^^^^^^^^^^^^
  File "/hpc/group/naderilab/imt11/Miniconda3/lib/python3.12/site-packages/pandas/core/frame.py", line 6950, in duplicated
    raise KeyError(Index(diff))
KeyError: Index(['seqid'], dtype='object')
Traceback (most recent call last):
  File "/hpc/group/naderilab/imt11/Miniconda3/lib/python3.12/site-packages/pandas/core/indexes/base.py", line 3805, in get_loc
    return self._engine.get_loc(casted_key)
           ^^^^^^^^^^^^^^^^^^^^^^^^^^^^^^^^
  File "index.pyx", line 167, in pandas._libs.index.IndexEngine.get_loc
  File "index.pyx", line 196, in pandas._libs.index.IndexEngine.get_loc
  File "pandas/_libs/hashtable_class_helper.pxi", line 7081, in pandas._libs.hashtable.PyObjectHashTable.get_item
  File "pandas/_libs/hashtable_class_helper.pxi", line 7089, in pandas._libs.hashtable.PyObjectHashTable.get_item
KeyError: 'ag_wt'

The above exception was the direct cause of the following exception:

Traceback (most recent call last):
  File "<frozen runpy>", line 198, in _run_module_as_main
  File "<frozen runpy>", line 88, in _run_code
  File "/hpc/group/naderilab/imt11/antibody-domainbed/domainbed/scripts/train.py", line 111, in <module>
    dataset = vars(datasets)[args.dataset](
              ^^^^^^^^^^^^^^^^^^^^^^^^^^^^^
  File "/hpc/group/naderilab/imt11/antibody-domainbed/domainbed/datasets.py", line 189, in __init__
    target_len = df['ag_wt'].apply(len)
                 ~~^^^^^^^^^
  File "/hpc/group/naderilab/imt11/Miniconda3/lib/python3.12/site-packages/pandas/core/frame.py", line 4102, in __getitem__
    indexer = self.columns.get_loc(key)
              ^^^^^^^^^^^^^^^^^^^^^^^^^
  File "/hpc/group/naderilab/imt11/Miniconda3/lib/python3.12/site-packages/pandas/core/indexes/base.py", line 3812, in get_loc
    raise KeyError(key) from err
KeyError: 'ag_wt'
Traceback (most recent call last):
  File "<frozen runpy>", line 198, in _run_module_as_main
  File "<frozen runpy>", line 88, in _run_code
  File "/hpc/group/naderilab/imt11/antibody-domainbed/domainbed/scripts/train.py", line 195, in <module>
    train_loaders = [InfiniteDataLoader(
                     ^^^^^^^^^^^^^^^^^^^
TypeError: InfiniteDataLoader.__init__() got an unexpected keyword argument 'collate_fn'
/hpc/group/naderilab/imt11/Miniconda3/lib/python3.12/tempfile.py:936: ResourceWarning: Implicitly cleaning up <TemporaryDirectory '/tmp/tmpsll8j66_'>
  _warnings.warn(warn_message, ResourceWarning)
/hpc/group/naderilab/imt11/Miniconda3/lib/python3.12/multiprocessing/popen_fork.py:66: DeprecationWarning: This process (pid=482895) is multi-threaded, use of fork() may lead to deadlocks in the child.
  self.pid = os.fork()
/hpc/group/naderilab/imt11/Miniconda3/lib/python3.12/multiprocessing/popen_fork.py:66: DeprecationWarning: This process (pid=482895) is multi-threaded, use of fork() may lead to deadlocks in the child.
  self.pid = os.fork()
/hpc/group/naderilab/imt11/Miniconda3/lib/python3.12/multiprocessing/popen_fork.py:66: DeprecationWarning: This process (pid=482895) is multi-threaded, use of fork() may lead to deadlocks in the child.
  self.pid = os.fork()
/hpc/group/naderilab/imt11/Miniconda3/lib/python3.12/multiprocessing/popen_fork.py:66: DeprecationWarning: This process (pid=482895) is multi-threaded, use of fork() may lead to deadlocks in the child.
  self.pid = os.fork()
/hpc/group/naderilab/imt11/Miniconda3/lib/python3.12/multiprocessing/popen_fork.py:66: DeprecationWarning: This process (pid=482895) is multi-threaded, use of fork() may lead to deadlocks in the child.
  self.pid = os.fork()
/hpc/group/naderilab/imt11/Miniconda3/lib/python3.12/multiprocessing/popen_fork.py:66: DeprecationWarning: This process (pid=482895) is multi-threaded, use of fork() may lead to deadlocks in the child.
  self.pid = os.fork()
/hpc/group/naderilab/imt11/Miniconda3/lib/python3.12/multiprocessing/popen_fork.py:66: DeprecationWarning: This process (pid=482895) is multi-threaded, use of fork() may lead to deadlocks in the child.
  self.pid = os.fork()
/hpc/group/naderilab/imt11/Miniconda3/lib/python3.12/multiprocessing/popen_fork.py:66: DeprecationWarning: This process (pid=482895) is multi-threaded, use of fork() may lead to deadlocks in the child.
  self.pid = os.fork()
/hpc/group/naderilab/imt11/Miniconda3/lib/python3.12/multiprocessing/popen_fork.py:66: DeprecationWarning: This process (pid=482895) is multi-threaded, use of fork() may lead to deadlocks in the child.
  self.pid = os.fork()
/hpc/group/naderilab/imt11/Miniconda3/lib/python3.12/multiprocessing/popen_fork.py:66: DeprecationWarning: This process (pid=482895) is multi-threaded, use of fork() may lead to deadlocks in the child.
  self.pid = os.fork()
/hpc/group/naderilab/imt11/Miniconda3/lib/python3.12/multiprocessing/popen_fork.py:66: DeprecationWarning: This process (pid=482895) is multi-threaded, use of fork() may lead to deadlocks in the child.
  self.pid = os.fork()
Traceback (most recent call last):
  File "<frozen runpy>", line 198, in _run_module_as_main
  File "<frozen runpy>", line 88, in _run_code
  File "/hpc/group/naderilab/imt11/antibody-domainbed/domainbed/scripts/train.py", line 284, in <module>
    step_vals = algorithm.update(minibatches_device, uda_device)
                ^^^^^^^^^^^^^^^^^^^^^^^^^^^^^^^^^^^^^^^^^^^^^^^^
  File "/hpc/group/naderilab/imt11/antibody-domainbed/domainbed/algorithms.py", line 133, in update
    loss = F.cross_entropy(self.predict(all_x), all_y)
                           ^^^^^^^^^^^^^^^^^^^
  File "/hpc/group/naderilab/imt11/antibody-domainbed/domainbed/algorithms.py", line 142, in predict
    return self.network(x)
           ^^^^^^^^^^^^^^^
  File "/hpc/group/naderilab/imt11/Miniconda3/lib/python3.12/site-packages/torch/nn/modules/module.py", line 1739, in _wrapped_call_impl
    return self._call_impl(*args, **kwargs)
           ^^^^^^^^^^^^^^^^^^^^^^^^^^^^^^^^
  File "/hpc/group/naderilab/imt11/Miniconda3/lib/python3.12/site-packages/torch/nn/modules/module.py", line 1750, in _call_impl
    return forward_call(*args, **kwargs)
           ^^^^^^^^^^^^^^^^^^^^^^^^^^^^^
  File "/hpc/group/naderilab/imt11/Miniconda3/lib/python3.12/site-packages/torch/nn/modules/container.py", line 250, in forward
    input = module(input)
            ^^^^^^^^^^^^^
  File "/hpc/group/naderilab/imt11/Miniconda3/lib/python3.12/site-packages/torch/nn/modules/module.py", line 1739, in _wrapped_call_impl
    return self._call_impl(*args, **kwargs)
           ^^^^^^^^^^^^^^^^^^^^^^^^^^^^^^^^
  File "/hpc/group/naderilab/imt11/Miniconda3/lib/python3.12/site-packages/torch/nn/modules/module.py", line 1750, in _call_impl
    return forward_call(*args, **kwargs)
           ^^^^^^^^^^^^^^^^^^^^^^^^^^^^^
  File "/hpc/group/naderilab/imt11/antibody-domainbed/domainbed/networks.py", line 148, in forward
    h_ab = self.conv_layers(e_ab.permute(0, 2, 1))  # (batch_size, dim, L)
                            ^^^^^^^^^^^^^^^^^^^^^
RuntimeError: permute(sparse_coo): number of dimensions in the tensor input does not match the length of the desired ordering of dimensions i.e. input.dim() = 4 is not equal to len(dims) = 3
/hpc/group/naderilab/imt11/Miniconda3/lib/python3.12/tempfile.py:936: ResourceWarning: Implicitly cleaning up <TemporaryDirectory '/tmp/tmpv26b6gjs'>
  _warnings.warn(warn_message, ResourceWarning)
/hpc/group/naderilab/imt11/Miniconda3/lib/python3.12/multiprocessing/popen_fork.py:66: DeprecationWarning: This process (pid=483985) is multi-threaded, use of fork() may lead to deadlocks in the child.
  self.pid = os.fork()
/hpc/group/naderilab/imt11/Miniconda3/lib/python3.12/multiprocessing/popen_fork.py:66: DeprecationWarning: This process (pid=483985) is multi-threaded, use of fork() may lead to deadlocks in the child.
  self.pid = os.fork()
/hpc/group/naderilab/imt11/Miniconda3/lib/python3.12/multiprocessing/popen_fork.py:66: DeprecationWarning: This process (pid=483985) is multi-threaded, use of fork() may lead to deadlocks in the child.
  self.pid = os.fork()
/hpc/group/naderilab/imt11/Miniconda3/lib/python3.12/multiprocessing/popen_fork.py:66: DeprecationWarning: This process (pid=483985) is multi-threaded, use of fork() may lead to deadlocks in the child.
  self.pid = os.fork()
/hpc/group/naderilab/imt11/Miniconda3/lib/python3.12/multiprocessing/popen_fork.py:66: DeprecationWarning: This process (pid=483985) is multi-threaded, use of fork() may lead to deadlocks in the child.
  self.pid = os.fork()
/hpc/group/naderilab/imt11/Miniconda3/lib/python3.12/multiprocessing/popen_fork.py:66: DeprecationWarning: This process (pid=483985) is multi-threaded, use of fork() may lead to deadlocks in the child.
  self.pid = os.fork()
/hpc/group/naderilab/imt11/Miniconda3/lib/python3.12/multiprocessing/popen_fork.py:66: DeprecationWarning: This process (pid=483985) is multi-threaded, use of fork() may lead to deadlocks in the child.
  self.pid = os.fork()
/hpc/group/naderilab/imt11/Miniconda3/lib/python3.12/multiprocessing/popen_fork.py:66: DeprecationWarning: This process (pid=483985) is multi-threaded, use of fork() may lead to deadlocks in the child.
  self.pid = os.fork()
/hpc/group/naderilab/imt11/Miniconda3/lib/python3.12/multiprocessing/popen_fork.py:66: DeprecationWarning: This process (pid=483985) is multi-threaded, use of fork() may lead to deadlocks in the child.
  self.pid = os.fork()
/hpc/group/naderilab/imt11/Miniconda3/lib/python3.12/multiprocessing/popen_fork.py:66: DeprecationWarning: This process (pid=483985) is multi-threaded, use of fork() may lead to deadlocks in the child.
  self.pid = os.fork()
/hpc/group/naderilab/imt11/Miniconda3/lib/python3.12/multiprocessing/popen_fork.py:66: DeprecationWarning: This process (pid=483985) is multi-threaded, use of fork() may lead to deadlocks in the child.
  self.pid = os.fork()
Traceback (most recent call last):
  File "<frozen runpy>", line 198, in _run_module_as_main
  File "<frozen runpy>", line 88, in _run_code
  File "/hpc/group/naderilab/imt11/antibody-domainbed/domainbed/scripts/train.py", line 301, in <module>
    acc = misc.accuracy(algorithm, loader, weights, device)
          ^^^^^^^^^^^^^^^^^^^^^^^^^^^^^^^^^^^^^^^^^^^^^^^^^
  File "/hpc/group/naderilab/imt11/antibody-domainbed/domainbed/lib/misc.py", line 232, in accuracy
    correct += (p.argmax(1).eq(y).float() * batch_weights).sum().item()
                ^^^^^^^^^^^^^^^^^
RuntimeError: The size of tensor a (32) must match the size of tensor b (2) at non-singleton dimension 1
/hpc/group/naderilab/imt11/Miniconda3/lib/python3.12/tempfile.py:936: ResourceWarning: Implicitly cleaning up <TemporaryDirectory '/tmp/tmpkkv1zrt7'>
  _warnings.warn(warn_message, ResourceWarning)
/hpc/group/naderilab/imt11/Miniconda3/lib/python3.12/multiprocessing/popen_fork.py:66: DeprecationWarning: This process (pid=485471) is multi-threaded, use of fork() may lead to deadlocks in the child.
  self.pid = os.fork()
/hpc/group/naderilab/imt11/Miniconda3/lib/python3.12/multiprocessing/popen_fork.py:66: DeprecationWarning: This process (pid=485471) is multi-threaded, use of fork() may lead to deadlocks in the child.
  self.pid = os.fork()
/hpc/group/naderilab/imt11/Miniconda3/lib/python3.12/multiprocessing/popen_fork.py:66: DeprecationWarning: This process (pid=485471) is multi-threaded, use of fork() may lead to deadlocks in the child.
  self.pid = os.fork()
/hpc/group/naderilab/imt11/Miniconda3/lib/python3.12/multiprocessing/popen_fork.py:66: DeprecationWarning: This process (pid=485471) is multi-threaded, use of fork() may lead to deadlocks in the child.
  self.pid = os.fork()
/hpc/group/naderilab/imt11/Miniconda3/lib/python3.12/multiprocessing/popen_fork.py:66: DeprecationWarning: This process (pid=485471) is multi-threaded, use of fork() may lead to deadlocks in the child.
  self.pid = os.fork()
/hpc/group/naderilab/imt11/Miniconda3/lib/python3.12/multiprocessing/popen_fork.py:66: DeprecationWarning: This process (pid=485471) is multi-threaded, use of fork() may lead to deadlocks in the child.
  self.pid = os.fork()
/hpc/group/naderilab/imt11/Miniconda3/lib/python3.12/multiprocessing/popen_fork.py:66: DeprecationWarning: This process (pid=485471) is multi-threaded, use of fork() may lead to deadlocks in the child.
  self.pid = os.fork()
/hpc/group/naderilab/imt11/Miniconda3/lib/python3.12/multiprocessing/popen_fork.py:66: DeprecationWarning: This process (pid=485471) is multi-threaded, use of fork() may lead to deadlocks in the child.
  self.pid = os.fork()
/hpc/group/naderilab/imt11/Miniconda3/lib/python3.12/multiprocessing/popen_fork.py:66: DeprecationWarning: This process (pid=485471) is multi-threaded, use of fork() may lead to deadlocks in the child.
  self.pid = os.fork()
/hpc/group/naderilab/imt11/Miniconda3/lib/python3.12/multiprocessing/popen_fork.py:66: DeprecationWarning: This process (pid=485471) is multi-threaded, use of fork() may lead to deadlocks in the child.
  self.pid = os.fork()
/hpc/group/naderilab/imt11/Miniconda3/lib/python3.12/multiprocessing/popen_fork.py:66: DeprecationWarning: This process (pid=485471) is multi-threaded, use of fork() may lead to deadlocks in the child.
  self.pid = os.fork()
Traceback (most recent call last):
  File "<frozen runpy>", line 198, in _run_module_as_main
  File "<frozen runpy>", line 88, in _run_code
  File "/hpc/group/naderilab/imt11/antibody-domainbed/domainbed/scripts/train.py", line 284, in <module>
    step_vals = algorithm.update(minibatches_device, uda_device)
                ^^^^^^^^^^^^^^^^^^^^^^^^^^^^^^^^^^^^^^^^^^^^^^^^
  File "/hpc/group/naderilab/imt11/antibody-domainbed/domainbed/algorithms.py", line 133, in update
    loss = F.cross_entropy(self.predict(all_x), all_y)
                           ^^^^^^^^^^^^^^^^^^^
  File "/hpc/group/naderilab/imt11/antibody-domainbed/domainbed/algorithms.py", line 142, in predict
    return self.network(x)
           ^^^^^^^^^^^^^^^
  File "/hpc/group/naderilab/imt11/Miniconda3/lib/python3.12/site-packages/torch/nn/modules/module.py", line 1739, in _wrapped_call_impl
    return self._call_impl(*args, **kwargs)
           ^^^^^^^^^^^^^^^^^^^^^^^^^^^^^^^^
  File "/hpc/group/naderilab/imt11/Miniconda3/lib/python3.12/site-packages/torch/nn/modules/module.py", line 1750, in _call_impl
    return forward_call(*args, **kwargs)
           ^^^^^^^^^^^^^^^^^^^^^^^^^^^^^
  File "/hpc/group/naderilab/imt11/Miniconda3/lib/python3.12/site-packages/torch/nn/modules/container.py", line 250, in forward
    input = module(input)
            ^^^^^^^^^^^^^
  File "/hpc/group/naderilab/imt11/Miniconda3/lib/python3.12/site-packages/torch/nn/modules/module.py", line 1739, in _wrapped_call_impl
    return self._call_impl(*args, **kwargs)
           ^^^^^^^^^^^^^^^^^^^^^^^^^^^^^^^^
  File "/hpc/group/naderilab/imt11/Miniconda3/lib/python3.12/site-packages/torch/nn/modules/module.py", line 1750, in _call_impl
    return forward_call(*args, **kwargs)
           ^^^^^^^^^^^^^^^^^^^^^^^^^^^^^
  File "/hpc/group/naderilab/imt11/Miniconda3/lib/python3.12/site-packages/torch/nn/modules/linear.py", line 125, in forward
    return F.linear(input, self.weight, self.bias)
           ^^^^^^^^^^^^^^^^^^^^^^^^^^^^^^^^^^^^^^^
RuntimeError: mat1 and mat2 shapes cannot be multiplied (96x2 and 256x2)
/hpc/group/naderilab/imt11/Miniconda3/lib/python3.12/tempfile.py:936: ResourceWarning: Implicitly cleaning up <TemporaryDirectory '/tmp/tmpy0b591pp'>
  _warnings.warn(warn_message, ResourceWarning)
/hpc/group/naderilab/imt11/Miniconda3/lib/python3.12/multiprocessing/popen_fork.py:66: DeprecationWarning: This process (pid=485889) is multi-threaded, use of fork() may lead to deadlocks in the child.
  self.pid = os.fork()
/hpc/group/naderilab/imt11/Miniconda3/lib/python3.12/multiprocessing/popen_fork.py:66: DeprecationWarning: This process (pid=485889) is multi-threaded, use of fork() may lead to deadlocks in the child.
  self.pid = os.fork()
/hpc/group/naderilab/imt11/Miniconda3/lib/python3.12/multiprocessing/popen_fork.py:66: DeprecationWarning: This process (pid=485889) is multi-threaded, use of fork() may lead to deadlocks in the child.
  self.pid = os.fork()
/hpc/group/naderilab/imt11/Miniconda3/lib/python3.12/multiprocessing/popen_fork.py:66: DeprecationWarning: This process (pid=485889) is multi-threaded, use of fork() may lead to deadlocks in the child.
  self.pid = os.fork()
/hpc/group/naderilab/imt11/Miniconda3/lib/python3.12/multiprocessing/popen_fork.py:66: DeprecationWarning: This process (pid=485889) is multi-threaded, use of fork() may lead to deadlocks in the child.
  self.pid = os.fork()
/hpc/group/naderilab/imt11/Miniconda3/lib/python3.12/multiprocessing/popen_fork.py:66: DeprecationWarning: This process (pid=485889) is multi-threaded, use of fork() may lead to deadlocks in the child.
  self.pid = os.fork()
/hpc/group/naderilab/imt11/Miniconda3/lib/python3.12/multiprocessing/popen_fork.py:66: DeprecationWarning: This process (pid=485889) is multi-threaded, use of fork() may lead to deadlocks in the child.
  self.pid = os.fork()
/hpc/group/naderilab/imt11/Miniconda3/lib/python3.12/multiprocessing/popen_fork.py:66: DeprecationWarning: This process (pid=485889) is multi-threaded, use of fork() may lead to deadlocks in the child.
  self.pid = os.fork()
/hpc/group/naderilab/imt11/Miniconda3/lib/python3.12/multiprocessing/popen_fork.py:66: DeprecationWarning: This process (pid=485889) is multi-threaded, use of fork() may lead to deadlocks in the child.
  self.pid = os.fork()
/hpc/group/naderilab/imt11/Miniconda3/lib/python3.12/multiprocessing/popen_fork.py:66: DeprecationWarning: This process (pid=485889) is multi-threaded, use of fork() may lead to deadlocks in the child.
  self.pid = os.fork()
/hpc/group/naderilab/imt11/Miniconda3/lib/python3.12/multiprocessing/popen_fork.py:66: DeprecationWarning: This process (pid=485889) is multi-threaded, use of fork() may lead to deadlocks in the child.
  self.pid = os.fork()
Traceback (most recent call last):
  File "<frozen runpy>", line 198, in _run_module_as_main
  File "<frozen runpy>", line 88, in _run_code
  File "/hpc/group/naderilab/imt11/antibody-domainbed/domainbed/scripts/train.py", line 301, in <module>
    acc = misc.accuracy(algorithm, loader, weights, device)
          ^^^^^^^^^^^^^^^^^^^^^^^^^^^^^^^^^^^^^^^^^^^^^^^^^
  File "/hpc/group/naderilab/imt11/antibody-domainbed/domainbed/lib/misc.py", line 232, in accuracy
    correct += (p.argmax(1).eq(y).float() * batch_weights).sum().item()
                ^^^^^^^^^^^^^^^^^
RuntimeError: The size of tensor a (32) must match the size of tensor b (2) at non-singleton dimension 1
/hpc/group/naderilab/imt11/Miniconda3/lib/python3.12/tempfile.py:936: ResourceWarning: Implicitly cleaning up <TemporaryDirectory '/tmp/tmpl6izycjo'>
  _warnings.warn(warn_message, ResourceWarning)
